
2024/02/14 07:02:37 C:/Users/leons/Desktop/Projects/Go/Raven-gin/bootstrap/db.go:61
[0.000ms] [rows:-] SELECT DATABASE()

2024/02/14 07:02:37 C:/Users/leons/Desktop/Projects/Go/Raven-gin/bootstrap/db.go:61
[0.519ms] [rows:1] SELECT SCHEMA_NAME from Information_schema.SCHEMATA where SCHEMA_NAME LIKE 'raven-gin%' ORDER BY SCHEMA_NAME='raven-gin' DESC,SCHEMA_NAME limit 1

2024/02/14 07:02:37 C:/Users/leons/Desktop/Projects/Go/Raven-gin/bootstrap/db.go:61
[0.000ms] [rows:-] SELECT count(*) FROM information_schema.tables WHERE table_schema = 'raven-gin' AND table_name = 'users' AND table_type = 'BASE TABLE'

2024/02/14 07:02:37 C:/Users/leons/Desktop/Projects/Go/Raven-gin/bootstrap/db.go:61
[0.000ms] [rows:-] SELECT DATABASE()

2024/02/14 07:02:37 C:/Users/leons/Desktop/Projects/Go/Raven-gin/bootstrap/db.go:61
[0.669ms] [rows:1] SELECT SCHEMA_NAME from Information_schema.SCHEMATA where SCHEMA_NAME LIKE 'raven-gin%' ORDER BY SCHEMA_NAME='raven-gin' DESC,SCHEMA_NAME limit 1

2024/02/14 07:02:37 C:/Users/leons/Desktop/Projects/Go/Raven-gin/bootstrap/db.go:61
[0.000ms] [rows:-] SELECT * FROM `users` LIMIT 1

2024/02/14 07:02:37 C:/Users/leons/Desktop/Projects/Go/Raven-gin/bootstrap/db.go:61
[0.584ms] [rows:-] SELECT column_name, column_default, is_nullable = 'YES', data_type, character_maximum_length, column_type, column_key, extra, column_comment, numeric_precision, numeric_scale FROM information_schema.columns WHERE table_schema = 'raven-gin' AND table_name = 'users' ORDER BY ORDINAL_POSITION

2024/02/14 07:02:37 C:/Users/leons/Desktop/Projects/Go/Raven-gin/bootstrap/db.go:61
[0.502ms] [rows:-] SELECT DATABASE()

2024/02/14 07:02:37 C:/Users/leons/Desktop/Projects/Go/Raven-gin/bootstrap/db.go:61
[0.150ms] [rows:1] SELECT SCHEMA_NAME from Information_schema.SCHEMATA where SCHEMA_NAME LIKE 'raven-gin%' ORDER BY SCHEMA_NAME='raven-gin' DESC,SCHEMA_NAME limit 1

2024/02/14 07:02:37 C:/Users/leons/Desktop/Projects/Go/Raven-gin/bootstrap/db.go:61
[0.502ms] [rows:-] SELECT count(*) FROM information_schema.statistics WHERE table_schema = 'raven-gin' AND table_name = 'users' AND index_name = 'idx_users_deleted_at'

2024/02/14 07:12:30 /mnt/c/Users/leons/Desktop/Projects/Go/Raven-gin/bootstrap/db.go:61
[0.823ms] [rows:-] SELECT DATABASE()

2024/02/14 07:12:30 /mnt/c/Users/leons/Desktop/Projects/Go/Raven-gin/bootstrap/db.go:61
[1.689ms] [rows:1] SELECT SCHEMA_NAME from Information_schema.SCHEMATA where SCHEMA_NAME LIKE 'raven-gin%' ORDER BY SCHEMA_NAME='raven-gin' DESC,SCHEMA_NAME limit 1

2024/02/14 07:12:30 /mnt/c/Users/leons/Desktop/Projects/Go/Raven-gin/bootstrap/db.go:61
[0.333ms] [rows:-] SELECT count(*) FROM information_schema.tables WHERE table_schema = 'raven-gin' AND table_name = 'users' AND table_type = 'BASE TABLE'

2024/02/14 07:12:30 /mnt/c/Users/leons/Desktop/Projects/Go/Raven-gin/bootstrap/db.go:61
[0.117ms] [rows:-] SELECT DATABASE()

2024/02/14 07:12:30 /mnt/c/Users/leons/Desktop/Projects/Go/Raven-gin/bootstrap/db.go:61
[0.332ms] [rows:1] SELECT SCHEMA_NAME from Information_schema.SCHEMATA where SCHEMA_NAME LIKE 'raven-gin%' ORDER BY SCHEMA_NAME='raven-gin' DESC,SCHEMA_NAME limit 1

2024/02/14 07:12:30 /mnt/c/Users/leons/Desktop/Projects/Go/Raven-gin/bootstrap/db.go:61
[0.267ms] [rows:-] SELECT * FROM `users` LIMIT 1

2024/02/14 07:12:30 /mnt/c/Users/leons/Desktop/Projects/Go/Raven-gin/bootstrap/db.go:61
[0.468ms] [rows:-] SELECT column_name, column_default, is_nullable = 'YES', data_type, character_maximum_length, column_type, column_key, extra, column_comment, numeric_precision, numeric_scale FROM information_schema.columns WHERE table_schema = 'raven-gin' AND table_name = 'users' ORDER BY ORDINAL_POSITION

2024/02/14 07:12:30 /mnt/c/Users/leons/Desktop/Projects/Go/Raven-gin/bootstrap/db.go:61
[0.127ms] [rows:-] SELECT DATABASE()

2024/02/14 07:12:30 /mnt/c/Users/leons/Desktop/Projects/Go/Raven-gin/bootstrap/db.go:61
[0.304ms] [rows:1] SELECT SCHEMA_NAME from Information_schema.SCHEMATA where SCHEMA_NAME LIKE 'raven-gin%' ORDER BY SCHEMA_NAME='raven-gin' DESC,SCHEMA_NAME limit 1

2024/02/14 07:12:30 /mnt/c/Users/leons/Desktop/Projects/Go/Raven-gin/bootstrap/db.go:61
[0.260ms] [rows:-] SELECT count(*) FROM information_schema.statistics WHERE table_schema = 'raven-gin' AND table_name = 'users' AND index_name = 'idx_users_deleted_at'

2024/02/14 07:12:58 /mnt/c/Users/leons/Desktop/Projects/Go/Raven-gin/bootstrap/db.go:61
[0.877ms] [rows:-] SELECT DATABASE()

2024/02/14 07:12:58 /mnt/c/Users/leons/Desktop/Projects/Go/Raven-gin/bootstrap/db.go:61
[0.447ms] [rows:1] SELECT SCHEMA_NAME from Information_schema.SCHEMATA where SCHEMA_NAME LIKE 'raven-gin%' ORDER BY SCHEMA_NAME='raven-gin' DESC,SCHEMA_NAME limit 1

2024/02/14 07:12:58 /mnt/c/Users/leons/Desktop/Projects/Go/Raven-gin/bootstrap/db.go:61
[0.367ms] [rows:-] SELECT count(*) FROM information_schema.tables WHERE table_schema = 'raven-gin' AND table_name = 'users' AND table_type = 'BASE TABLE'

2024/02/14 07:12:58 /mnt/c/Users/leons/Desktop/Projects/Go/Raven-gin/bootstrap/db.go:61
[0.134ms] [rows:-] SELECT DATABASE()

2024/02/14 07:12:58 /mnt/c/Users/leons/Desktop/Projects/Go/Raven-gin/bootstrap/db.go:61
[0.344ms] [rows:1] SELECT SCHEMA_NAME from Information_schema.SCHEMATA where SCHEMA_NAME LIKE 'raven-gin%' ORDER BY SCHEMA_NAME='raven-gin' DESC,SCHEMA_NAME limit 1

2024/02/14 07:12:58 /mnt/c/Users/leons/Desktop/Projects/Go/Raven-gin/bootstrap/db.go:61
[0.300ms] [rows:-] SELECT * FROM `users` LIMIT 1

2024/02/14 07:12:58 /mnt/c/Users/leons/Desktop/Projects/Go/Raven-gin/bootstrap/db.go:61
[0.525ms] [rows:-] SELECT column_name, column_default, is_nullable = 'YES', data_type, character_maximum_length, column_type, column_key, extra, column_comment, numeric_precision, numeric_scale FROM information_schema.columns WHERE table_schema = 'raven-gin' AND table_name = 'users' ORDER BY ORDINAL_POSITION

2024/02/14 07:12:58 /mnt/c/Users/leons/Desktop/Projects/Go/Raven-gin/bootstrap/db.go:61
[0.164ms] [rows:-] SELECT DATABASE()

2024/02/14 07:12:58 /mnt/c/Users/leons/Desktop/Projects/Go/Raven-gin/bootstrap/db.go:61
[0.316ms] [rows:1] SELECT SCHEMA_NAME from Information_schema.SCHEMATA where SCHEMA_NAME LIKE 'raven-gin%' ORDER BY SCHEMA_NAME='raven-gin' DESC,SCHEMA_NAME limit 1

2024/02/14 07:12:58 /mnt/c/Users/leons/Desktop/Projects/Go/Raven-gin/bootstrap/db.go:61
[0.277ms] [rows:-] SELECT count(*) FROM information_schema.statistics WHERE table_schema = 'raven-gin' AND table_name = 'users' AND index_name = 'idx_users_deleted_at'

2024/02/14 08:27:43 /mnt/c/Users/leons/Desktop/Projects/Go/Raven-gin/bootstrap/db.go:61
[0.787ms] [rows:-] SELECT DATABASE()

2024/02/14 08:27:43 /mnt/c/Users/leons/Desktop/Projects/Go/Raven-gin/bootstrap/db.go:61
[0.644ms] [rows:1] SELECT SCHEMA_NAME from Information_schema.SCHEMATA where SCHEMA_NAME LIKE 'raven-gin%' ORDER BY SCHEMA_NAME='raven-gin' DESC,SCHEMA_NAME limit 1

2024/02/14 08:27:43 /mnt/c/Users/leons/Desktop/Projects/Go/Raven-gin/bootstrap/db.go:61
[0.361ms] [rows:-] SELECT count(*) FROM information_schema.tables WHERE table_schema = 'raven-gin' AND table_name = 'users' AND table_type = 'BASE TABLE'

2024/02/14 08:27:43 /mnt/c/Users/leons/Desktop/Projects/Go/Raven-gin/bootstrap/db.go:61
[0.138ms] [rows:-] SELECT DATABASE()

2024/02/14 08:27:43 /mnt/c/Users/leons/Desktop/Projects/Go/Raven-gin/bootstrap/db.go:61
[0.381ms] [rows:1] SELECT SCHEMA_NAME from Information_schema.SCHEMATA where SCHEMA_NAME LIKE 'raven-gin%' ORDER BY SCHEMA_NAME='raven-gin' DESC,SCHEMA_NAME limit 1

2024/02/14 08:27:43 /mnt/c/Users/leons/Desktop/Projects/Go/Raven-gin/bootstrap/db.go:61
[0.342ms] [rows:-] SELECT * FROM `users` LIMIT 1

2024/02/14 08:27:43 /mnt/c/Users/leons/Desktop/Projects/Go/Raven-gin/bootstrap/db.go:61
[0.497ms] [rows:-] SELECT column_name, column_default, is_nullable = 'YES', data_type, character_maximum_length, column_type, column_key, extra, column_comment, numeric_precision, numeric_scale FROM information_schema.columns WHERE table_schema = 'raven-gin' AND table_name = 'users' ORDER BY ORDINAL_POSITION

2024/02/14 08:27:43 /mnt/c/Users/leons/Desktop/Projects/Go/Raven-gin/bootstrap/db.go:61
[0.151ms] [rows:-] SELECT DATABASE()

2024/02/14 08:27:43 /mnt/c/Users/leons/Desktop/Projects/Go/Raven-gin/bootstrap/db.go:61
[0.381ms] [rows:1] SELECT SCHEMA_NAME from Information_schema.SCHEMATA where SCHEMA_NAME LIKE 'raven-gin%' ORDER BY SCHEMA_NAME='raven-gin' DESC,SCHEMA_NAME limit 1

2024/02/14 08:27:43 /mnt/c/Users/leons/Desktop/Projects/Go/Raven-gin/bootstrap/db.go:61
[0.321ms] [rows:-] SELECT count(*) FROM information_schema.statistics WHERE table_schema = 'raven-gin' AND table_name = 'users' AND index_name = 'idx_users_deleted_at'

2024/02/14 08:40:50 /mnt/c/Users/leons/Desktop/Projects/Go/Raven-gin/bootstrap/db.go:61
[0.745ms] [rows:-] SELECT DATABASE()

2024/02/14 08:40:50 /mnt/c/Users/leons/Desktop/Projects/Go/Raven-gin/bootstrap/db.go:61
[0.488ms] [rows:1] SELECT SCHEMA_NAME from Information_schema.SCHEMATA where SCHEMA_NAME LIKE 'raven-gin%' ORDER BY SCHEMA_NAME='raven-gin' DESC,SCHEMA_NAME limit 1

2024/02/14 08:40:50 /mnt/c/Users/leons/Desktop/Projects/Go/Raven-gin/bootstrap/db.go:61
[0.348ms] [rows:-] SELECT count(*) FROM information_schema.tables WHERE table_schema = 'raven-gin' AND table_name = 'users' AND table_type = 'BASE TABLE'

2024/02/14 08:40:50 /mnt/c/Users/leons/Desktop/Projects/Go/Raven-gin/bootstrap/db.go:61
[0.162ms] [rows:-] SELECT DATABASE()

2024/02/14 08:40:50 /mnt/c/Users/leons/Desktop/Projects/Go/Raven-gin/bootstrap/db.go:61
[0.381ms] [rows:1] SELECT SCHEMA_NAME from Information_schema.SCHEMATA where SCHEMA_NAME LIKE 'raven-gin%' ORDER BY SCHEMA_NAME='raven-gin' DESC,SCHEMA_NAME limit 1

2024/02/14 08:40:50 /mnt/c/Users/leons/Desktop/Projects/Go/Raven-gin/bootstrap/db.go:61
[0.310ms] [rows:-] SELECT * FROM `users` LIMIT 1

2024/02/14 08:40:50 /mnt/c/Users/leons/Desktop/Projects/Go/Raven-gin/bootstrap/db.go:61
[0.516ms] [rows:-] SELECT column_name, column_default, is_nullable = 'YES', data_type, character_maximum_length, column_type, column_key, extra, column_comment, numeric_precision, numeric_scale FROM information_schema.columns WHERE table_schema = 'raven-gin' AND table_name = 'users' ORDER BY ORDINAL_POSITION

2024/02/14 08:40:50 /mnt/c/Users/leons/Desktop/Projects/Go/Raven-gin/bootstrap/db.go:61
[0.194ms] [rows:-] SELECT DATABASE()

2024/02/14 08:40:50 /mnt/c/Users/leons/Desktop/Projects/Go/Raven-gin/bootstrap/db.go:61
[0.333ms] [rows:1] SELECT SCHEMA_NAME from Information_schema.SCHEMATA where SCHEMA_NAME LIKE 'raven-gin%' ORDER BY SCHEMA_NAME='raven-gin' DESC,SCHEMA_NAME limit 1

2024/02/14 08:40:50 /mnt/c/Users/leons/Desktop/Projects/Go/Raven-gin/bootstrap/db.go:61
[0.328ms] [rows:-] SELECT count(*) FROM information_schema.statistics WHERE table_schema = 'raven-gin' AND table_name = 'users' AND index_name = 'idx_users_deleted_at'

2024/02/14 08:41:03 /mnt/c/Users/leons/Desktop/Projects/Go/Raven-gin/bootstrap/db.go:61
[0.812ms] [rows:-] SELECT DATABASE()

2024/02/14 08:41:03 /mnt/c/Users/leons/Desktop/Projects/Go/Raven-gin/bootstrap/db.go:61
[0.531ms] [rows:1] SELECT SCHEMA_NAME from Information_schema.SCHEMATA where SCHEMA_NAME LIKE 'raven-gin%' ORDER BY SCHEMA_NAME='raven-gin' DESC,SCHEMA_NAME limit 1

2024/02/14 08:41:03 /mnt/c/Users/leons/Desktop/Projects/Go/Raven-gin/bootstrap/db.go:61
[0.381ms] [rows:-] SELECT count(*) FROM information_schema.tables WHERE table_schema = 'raven-gin' AND table_name = 'users' AND table_type = 'BASE TABLE'

2024/02/14 08:41:03 /mnt/c/Users/leons/Desktop/Projects/Go/Raven-gin/bootstrap/db.go:61
[0.176ms] [rows:-] SELECT DATABASE()

2024/02/14 08:41:03 /mnt/c/Users/leons/Desktop/Projects/Go/Raven-gin/bootstrap/db.go:61
[0.402ms] [rows:1] SELECT SCHEMA_NAME from Information_schema.SCHEMATA where SCHEMA_NAME LIKE 'raven-gin%' ORDER BY SCHEMA_NAME='raven-gin' DESC,SCHEMA_NAME limit 1

2024/02/14 08:41:03 /mnt/c/Users/leons/Desktop/Projects/Go/Raven-gin/bootstrap/db.go:61
[0.356ms] [rows:-] SELECT * FROM `users` LIMIT 1

2024/02/14 08:41:03 /mnt/c/Users/leons/Desktop/Projects/Go/Raven-gin/bootstrap/db.go:61
[0.538ms] [rows:-] SELECT column_name, column_default, is_nullable = 'YES', data_type, character_maximum_length, column_type, column_key, extra, column_comment, numeric_precision, numeric_scale FROM information_schema.columns WHERE table_schema = 'raven-gin' AND table_name = 'users' ORDER BY ORDINAL_POSITION

2024/02/14 08:41:03 /mnt/c/Users/leons/Desktop/Projects/Go/Raven-gin/bootstrap/db.go:61
[0.180ms] [rows:-] SELECT DATABASE()

2024/02/14 08:41:03 /mnt/c/Users/leons/Desktop/Projects/Go/Raven-gin/bootstrap/db.go:61
[0.370ms] [rows:1] SELECT SCHEMA_NAME from Information_schema.SCHEMATA where SCHEMA_NAME LIKE 'raven-gin%' ORDER BY SCHEMA_NAME='raven-gin' DESC,SCHEMA_NAME limit 1

2024/02/14 08:41:03 /mnt/c/Users/leons/Desktop/Projects/Go/Raven-gin/bootstrap/db.go:61
[0.358ms] [rows:-] SELECT count(*) FROM information_schema.statistics WHERE table_schema = 'raven-gin' AND table_name = 'users' AND index_name = 'idx_users_deleted_at'

2024/02/14 08:54:28 /mnt/c/Users/leons/Desktop/Projects/Go/Raven-gin/bootstrap/db.go:61
[0.166ms] [rows:-] SELECT DATABASE()

2024/02/14 08:54:28 /mnt/c/Users/leons/Desktop/Projects/Go/Raven-gin/bootstrap/db.go:61
[0.608ms] [rows:1] SELECT SCHEMA_NAME from Information_schema.SCHEMATA where SCHEMA_NAME LIKE 'raven-gin%' ORDER BY SCHEMA_NAME='raven-gin' DESC,SCHEMA_NAME limit 1

2024/02/14 08:54:28 /mnt/c/Users/leons/Desktop/Projects/Go/Raven-gin/bootstrap/db.go:61
[0.344ms] [rows:-] SELECT count(*) FROM information_schema.tables WHERE table_schema = 'raven-gin' AND table_name = 'users' AND table_type = 'BASE TABLE'

2024/02/14 08:54:28 /mnt/c/Users/leons/Desktop/Projects/Go/Raven-gin/bootstrap/db.go:61
[0.179ms] [rows:-] SELECT DATABASE()

2024/02/14 08:54:28 /mnt/c/Users/leons/Desktop/Projects/Go/Raven-gin/bootstrap/db.go:61
[0.391ms] [rows:1] SELECT SCHEMA_NAME from Information_schema.SCHEMATA where SCHEMA_NAME LIKE 'raven-gin%' ORDER BY SCHEMA_NAME='raven-gin' DESC,SCHEMA_NAME limit 1

2024/02/14 08:54:28 /mnt/c/Users/leons/Desktop/Projects/Go/Raven-gin/bootstrap/db.go:61
[0.368ms] [rows:-] SELECT * FROM `users` LIMIT 1

2024/02/14 08:54:28 /mnt/c/Users/leons/Desktop/Projects/Go/Raven-gin/bootstrap/db.go:61
[0.546ms] [rows:-] SELECT column_name, column_default, is_nullable = 'YES', data_type, character_maximum_length, column_type, column_key, extra, column_comment, numeric_precision, numeric_scale FROM information_schema.columns WHERE table_schema = 'raven-gin' AND table_name = 'users' ORDER BY ORDINAL_POSITION

2024/02/14 08:54:28 /mnt/c/Users/leons/Desktop/Projects/Go/Raven-gin/bootstrap/db.go:61
[0.163ms] [rows:-] SELECT DATABASE()

2024/02/14 08:54:28 /mnt/c/Users/leons/Desktop/Projects/Go/Raven-gin/bootstrap/db.go:61
[0.355ms] [rows:1] SELECT SCHEMA_NAME from Information_schema.SCHEMATA where SCHEMA_NAME LIKE 'raven-gin%' ORDER BY SCHEMA_NAME='raven-gin' DESC,SCHEMA_NAME limit 1

2024/02/14 08:54:28 /mnt/c/Users/leons/Desktop/Projects/Go/Raven-gin/bootstrap/db.go:61
[0.325ms] [rows:-] SELECT count(*) FROM information_schema.statistics WHERE table_schema = 'raven-gin' AND table_name = 'users' AND index_name = 'idx_users_deleted_at'

2024/02/25 20:10:30 /mnt/c/Users/leons/Desktop/Projects/Go/Raven-gin/bootstrap/db.go:61
[0.586ms] [rows:-] SELECT DATABASE()

2024/02/25 20:10:30 /mnt/c/Users/leons/Desktop/Projects/Go/Raven-gin/bootstrap/db.go:61
[6.336ms] [rows:1] SELECT SCHEMA_NAME from Information_schema.SCHEMATA where SCHEMA_NAME LIKE 'raven-gin%' ORDER BY SCHEMA_NAME='raven-gin' DESC,SCHEMA_NAME limit 1

2024/02/25 20:10:30 /mnt/c/Users/leons/Desktop/Projects/Go/Raven-gin/bootstrap/db.go:61
[1.102ms] [rows:-] SELECT count(*) FROM information_schema.tables WHERE table_schema = 'raven-gin' AND table_name = 'users' AND table_type = 'BASE TABLE'

2024/02/25 20:10:30 /mnt/c/Users/leons/Desktop/Projects/Go/Raven-gin/bootstrap/db.go:61
[0.204ms] [rows:-] SELECT DATABASE()

2024/02/25 20:10:30 /mnt/c/Users/leons/Desktop/Projects/Go/Raven-gin/bootstrap/db.go:61
[0.413ms] [rows:1] SELECT SCHEMA_NAME from Information_schema.SCHEMATA where SCHEMA_NAME LIKE 'raven-gin%' ORDER BY SCHEMA_NAME='raven-gin' DESC,SCHEMA_NAME limit 1

2024/02/25 20:10:30 /mnt/c/Users/leons/Desktop/Projects/Go/Raven-gin/bootstrap/db.go:61
[5.525ms] [rows:-] SELECT * FROM `users` LIMIT 1

2024/02/25 20:10:30 /mnt/c/Users/leons/Desktop/Projects/Go/Raven-gin/bootstrap/db.go:61
[1.696ms] [rows:-] SELECT column_name, column_default, is_nullable = 'YES', data_type, character_maximum_length, column_type, column_key, extra, column_comment, numeric_precision, numeric_scale FROM information_schema.columns WHERE table_schema = 'raven-gin' AND table_name = 'users' ORDER BY ORDINAL_POSITION

2024/02/25 20:10:30 /mnt/c/Users/leons/Desktop/Projects/Go/Raven-gin/bootstrap/db.go:61
[0.162ms] [rows:-] SELECT DATABASE()

2024/02/25 20:10:30 /mnt/c/Users/leons/Desktop/Projects/Go/Raven-gin/bootstrap/db.go:61
[0.384ms] [rows:1] SELECT SCHEMA_NAME from Information_schema.SCHEMATA where SCHEMA_NAME LIKE 'raven-gin%' ORDER BY SCHEMA_NAME='raven-gin' DESC,SCHEMA_NAME limit 1

2024/02/25 20:10:30 /mnt/c/Users/leons/Desktop/Projects/Go/Raven-gin/bootstrap/db.go:61
[0.459ms] [rows:-] SELECT count(*) FROM information_schema.statistics WHERE table_schema = 'raven-gin' AND table_name = 'users' AND index_name = 'idx_users_deleted_at'

2024/02/25 20:14:18 /mnt/c/Users/leons/Desktop/Projects/Go/Raven-gin/bootstrap/db.go:61
[0.246ms] [rows:-] SELECT DATABASE()

2024/02/25 20:14:18 /mnt/c/Users/leons/Desktop/Projects/Go/Raven-gin/bootstrap/db.go:61
[0.535ms] [rows:1] SELECT SCHEMA_NAME from Information_schema.SCHEMATA where SCHEMA_NAME LIKE 'raven-gin%' ORDER BY SCHEMA_NAME='raven-gin' DESC,SCHEMA_NAME limit 1

2024/02/25 20:14:18 /mnt/c/Users/leons/Desktop/Projects/Go/Raven-gin/bootstrap/db.go:61
[0.475ms] [rows:-] SELECT count(*) FROM information_schema.tables WHERE table_schema = 'raven-gin' AND table_name = 'users' AND table_type = 'BASE TABLE'

2024/02/25 20:14:18 /mnt/c/Users/leons/Desktop/Projects/Go/Raven-gin/bootstrap/db.go:61
[0.157ms] [rows:-] SELECT DATABASE()

2024/02/25 20:14:18 /mnt/c/Users/leons/Desktop/Projects/Go/Raven-gin/bootstrap/db.go:61
[0.386ms] [rows:1] SELECT SCHEMA_NAME from Information_schema.SCHEMATA where SCHEMA_NAME LIKE 'raven-gin%' ORDER BY SCHEMA_NAME='raven-gin' DESC,SCHEMA_NAME limit 1

2024/02/25 20:14:18 /mnt/c/Users/leons/Desktop/Projects/Go/Raven-gin/bootstrap/db.go:61
[0.506ms] [rows:-] SELECT * FROM `users` LIMIT 1

2024/02/25 20:14:18 /mnt/c/Users/leons/Desktop/Projects/Go/Raven-gin/bootstrap/db.go:61
[0.604ms] [rows:-] SELECT column_name, column_default, is_nullable = 'YES', data_type, character_maximum_length, column_type, column_key, extra, column_comment, numeric_precision, numeric_scale FROM information_schema.columns WHERE table_schema = 'raven-gin' AND table_name = 'users' ORDER BY ORDINAL_POSITION

2024/02/25 20:14:18 /mnt/c/Users/leons/Desktop/Projects/Go/Raven-gin/bootstrap/db.go:61
[0.208ms] [rows:-] SELECT DATABASE()

2024/02/25 20:14:18 /mnt/c/Users/leons/Desktop/Projects/Go/Raven-gin/bootstrap/db.go:61
[0.365ms] [rows:1] SELECT SCHEMA_NAME from Information_schema.SCHEMATA where SCHEMA_NAME LIKE 'raven-gin%' ORDER BY SCHEMA_NAME='raven-gin' DESC,SCHEMA_NAME limit 1

2024/02/25 20:14:18 /mnt/c/Users/leons/Desktop/Projects/Go/Raven-gin/bootstrap/db.go:61
[0.347ms] [rows:-] SELECT count(*) FROM information_schema.statistics WHERE table_schema = 'raven-gin' AND table_name = 'users' AND index_name = 'idx_users_deleted_at'

2024/02/25 20:17:24 /mnt/c/Users/leons/Desktop/Projects/Go/Raven-gin/bootstrap/db.go:61
[0.160ms] [rows:-] SELECT DATABASE()

2024/02/25 20:17:24 /mnt/c/Users/leons/Desktop/Projects/Go/Raven-gin/bootstrap/db.go:61
[0.542ms] [rows:1] SELECT SCHEMA_NAME from Information_schema.SCHEMATA where SCHEMA_NAME LIKE 'raven-gin%' ORDER BY SCHEMA_NAME='raven-gin' DESC,SCHEMA_NAME limit 1

2024/02/25 20:17:24 /mnt/c/Users/leons/Desktop/Projects/Go/Raven-gin/bootstrap/db.go:61
[0.515ms] [rows:-] SELECT count(*) FROM information_schema.tables WHERE table_schema = 'raven-gin' AND table_name = 'users' AND table_type = 'BASE TABLE'

2024/02/25 20:17:24 /mnt/c/Users/leons/Desktop/Projects/Go/Raven-gin/bootstrap/db.go:61
[0.127ms] [rows:-] SELECT DATABASE()

2024/02/25 20:17:24 /mnt/c/Users/leons/Desktop/Projects/Go/Raven-gin/bootstrap/db.go:61
[0.390ms] [rows:1] SELECT SCHEMA_NAME from Information_schema.SCHEMATA where SCHEMA_NAME LIKE 'raven-gin%' ORDER BY SCHEMA_NAME='raven-gin' DESC,SCHEMA_NAME limit 1

2024/02/25 20:17:24 /mnt/c/Users/leons/Desktop/Projects/Go/Raven-gin/bootstrap/db.go:61
[0.454ms] [rows:-] SELECT * FROM `users` LIMIT 1

2024/02/25 20:17:24 /mnt/c/Users/leons/Desktop/Projects/Go/Raven-gin/bootstrap/db.go:61
[0.609ms] [rows:-] SELECT column_name, column_default, is_nullable = 'YES', data_type, character_maximum_length, column_type, column_key, extra, column_comment, numeric_precision, numeric_scale FROM information_schema.columns WHERE table_schema = 'raven-gin' AND table_name = 'users' ORDER BY ORDINAL_POSITION

2024/02/25 20:17:24 /mnt/c/Users/leons/Desktop/Projects/Go/Raven-gin/bootstrap/db.go:61
[0.172ms] [rows:-] SELECT DATABASE()

2024/02/25 20:17:24 /mnt/c/Users/leons/Desktop/Projects/Go/Raven-gin/bootstrap/db.go:61
[0.366ms] [rows:1] SELECT SCHEMA_NAME from Information_schema.SCHEMATA where SCHEMA_NAME LIKE 'raven-gin%' ORDER BY SCHEMA_NAME='raven-gin' DESC,SCHEMA_NAME limit 1

2024/02/25 20:17:24 /mnt/c/Users/leons/Desktop/Projects/Go/Raven-gin/bootstrap/db.go:61
[0.361ms] [rows:-] SELECT count(*) FROM information_schema.statistics WHERE table_schema = 'raven-gin' AND table_name = 'users' AND index_name = 'idx_users_deleted_at'

2024/02/25 20:26:06 /mnt/c/Users/leons/Desktop/Projects/Go/Raven-gin/app/services/user.go:17 record not found
[10.911ms] [rows:0] SELECT `id` FROM `users` WHERE mobile='15943789023' AND `users`.`deleted_at` IS NULL ORDER BY `users`.`id` LIMIT 1

2024/02/25 20:26:06 /mnt/c/Users/leons/Desktop/Projects/Go/Raven-gin/app/services/user.go:25
[4.478ms] [rows:1] INSERT INTO `users` (`name`,`mobile`,`password`,`created_at`,`updated_at`,`deleted_at`) VALUES ('zhangsan','15943789023','$2a$04$EIMTEGogBycemfwqkr42iOJpgoOKoFTQkqzdrEffffYrmR8vRXFo6','2024-02-25 20:26:06.506','2024-02-25 20:26:06.506',NULL) RETURNING `id`

2024/02/25 20:26:48 /mnt/c/Users/leons/Desktop/Projects/Go/Raven-gin/app/services/user.go:30
[9.918ms] [rows:1] SELECT * FROM `users` WHERE mobile='15943789023' AND `users`.`deleted_at` IS NULL ORDER BY `users`.`id` LIMIT 1

2024/02/25 20:28:53 /mnt/c/Users/leons/Desktop/Projects/Go/Raven-gin/bootstrap/db.go:61
[0.145ms] [rows:-] SELECT DATABASE()

2024/02/25 20:28:53 /mnt/c/Users/leons/Desktop/Projects/Go/Raven-gin/bootstrap/db.go:61
[0.524ms] [rows:1] SELECT SCHEMA_NAME from Information_schema.SCHEMATA where SCHEMA_NAME LIKE 'raven-gin%' ORDER BY SCHEMA_NAME='raven-gin' DESC,SCHEMA_NAME limit 1

2024/02/25 20:28:53 /mnt/c/Users/leons/Desktop/Projects/Go/Raven-gin/bootstrap/db.go:61
[0.424ms] [rows:-] SELECT count(*) FROM information_schema.tables WHERE table_schema = 'raven-gin' AND table_name = 'users' AND table_type = 'BASE TABLE'

2024/02/25 20:28:53 /mnt/c/Users/leons/Desktop/Projects/Go/Raven-gin/bootstrap/db.go:61
[0.115ms] [rows:-] SELECT DATABASE()

2024/02/25 20:28:53 /mnt/c/Users/leons/Desktop/Projects/Go/Raven-gin/bootstrap/db.go:61
[0.388ms] [rows:1] SELECT SCHEMA_NAME from Information_schema.SCHEMATA where SCHEMA_NAME LIKE 'raven-gin%' ORDER BY SCHEMA_NAME='raven-gin' DESC,SCHEMA_NAME limit 1

2024/02/25 20:28:53 /mnt/c/Users/leons/Desktop/Projects/Go/Raven-gin/bootstrap/db.go:61
[0.360ms] [rows:-] SELECT * FROM `users` LIMIT 1

2024/02/25 20:28:53 /mnt/c/Users/leons/Desktop/Projects/Go/Raven-gin/bootstrap/db.go:61
[0.590ms] [rows:-] SELECT column_name, column_default, is_nullable = 'YES', data_type, character_maximum_length, column_type, column_key, extra, column_comment, numeric_precision, numeric_scale FROM information_schema.columns WHERE table_schema = 'raven-gin' AND table_name = 'users' ORDER BY ORDINAL_POSITION

2024/02/25 20:28:53 /mnt/c/Users/leons/Desktop/Projects/Go/Raven-gin/bootstrap/db.go:61
[0.133ms] [rows:-] SELECT DATABASE()

2024/02/25 20:28:53 /mnt/c/Users/leons/Desktop/Projects/Go/Raven-gin/bootstrap/db.go:61
[0.321ms] [rows:1] SELECT SCHEMA_NAME from Information_schema.SCHEMATA where SCHEMA_NAME LIKE 'raven-gin%' ORDER BY SCHEMA_NAME='raven-gin' DESC,SCHEMA_NAME limit 1

2024/02/25 20:28:53 /mnt/c/Users/leons/Desktop/Projects/Go/Raven-gin/bootstrap/db.go:61
[0.365ms] [rows:-] SELECT count(*) FROM information_schema.statistics WHERE table_schema = 'raven-gin' AND table_name = 'users' AND index_name = 'idx_users_deleted_at'

2024/02/25 20:28:55 /mnt/c/Users/leons/Desktop/Projects/Go/Raven-gin/app/services/user.go:41
[0.707ms] [rows:1] SELECT * FROM `users` WHERE `users`.`id` = 1 AND `users`.`deleted_at` IS NULL ORDER BY `users`.`id` LIMIT 1

2024/02/25 22:57:54 /home/raven/Projects/Raven-Gin/bootstrap/db.go:61
[0.210ms] [rows:-] SELECT DATABASE()

2024/02/25 22:57:54 /home/raven/Projects/Raven-Gin/bootstrap/db.go:61
[1.093ms] [rows:1] SELECT SCHEMA_NAME from Information_schema.SCHEMATA where SCHEMA_NAME LIKE 'raven-gin%' ORDER BY SCHEMA_NAME='raven-gin' DESC,SCHEMA_NAME limit 1

2024/02/25 22:57:54 /home/raven/Projects/Raven-Gin/bootstrap/db.go:61
[0.617ms] [rows:-] SELECT count(*) FROM information_schema.tables WHERE table_schema = 'raven-gin' AND table_name = 'users' AND table_type = 'BASE TABLE'

2024/02/25 22:57:54 /home/raven/Projects/Raven-Gin/bootstrap/db.go:61
[0.208ms] [rows:-] SELECT DATABASE()

2024/02/25 22:57:54 /home/raven/Projects/Raven-Gin/bootstrap/db.go:61
[0.403ms] [rows:1] SELECT SCHEMA_NAME from Information_schema.SCHEMATA where SCHEMA_NAME LIKE 'raven-gin%' ORDER BY SCHEMA_NAME='raven-gin' DESC,SCHEMA_NAME limit 1

2024/02/25 22:57:54 /home/raven/Projects/Raven-Gin/bootstrap/db.go:61
[0.576ms] [rows:-] SELECT * FROM `users` LIMIT 1

2024/02/25 22:57:54 /home/raven/Projects/Raven-Gin/bootstrap/db.go:61
[0.815ms] [rows:-] SELECT column_name, column_default, is_nullable = 'YES', data_type, character_maximum_length, column_type, column_key, extra, column_comment, numeric_precision, numeric_scale FROM information_schema.columns WHERE table_schema = 'raven-gin' AND table_name = 'users' ORDER BY ORDINAL_POSITION

2024/02/25 22:57:54 /home/raven/Projects/Raven-Gin/bootstrap/db.go:61
[0.098ms] [rows:-] SELECT DATABASE()

2024/02/25 22:57:54 /home/raven/Projects/Raven-Gin/bootstrap/db.go:61
[0.386ms] [rows:1] SELECT SCHEMA_NAME from Information_schema.SCHEMATA where SCHEMA_NAME LIKE 'raven-gin%' ORDER BY SCHEMA_NAME='raven-gin' DESC,SCHEMA_NAME limit 1

2024/02/25 22:57:54 /home/raven/Projects/Raven-Gin/bootstrap/db.go:61
[0.360ms] [rows:-] SELECT count(*) FROM information_schema.statistics WHERE table_schema = 'raven-gin' AND table_name = 'users' AND index_name = 'idx_users_deleted_at'

2024/02/25 22:58:05 /home/raven/Projects/Raven-Gin/bootstrap/db.go:61
[0.139ms] [rows:-] SELECT DATABASE()

2024/02/25 22:58:05 /home/raven/Projects/Raven-Gin/bootstrap/db.go:61
[0.524ms] [rows:1] SELECT SCHEMA_NAME from Information_schema.SCHEMATA where SCHEMA_NAME LIKE 'raven-gin%' ORDER BY SCHEMA_NAME='raven-gin' DESC,SCHEMA_NAME limit 1

2024/02/25 22:58:05 /home/raven/Projects/Raven-Gin/bootstrap/db.go:61
[0.373ms] [rows:-] SELECT count(*) FROM information_schema.tables WHERE table_schema = 'raven-gin' AND table_name = 'users' AND table_type = 'BASE TABLE'

2024/02/25 22:58:05 /home/raven/Projects/Raven-Gin/bootstrap/db.go:61
[0.155ms] [rows:-] SELECT DATABASE()

2024/02/25 22:58:05 /home/raven/Projects/Raven-Gin/bootstrap/db.go:61
[0.382ms] [rows:1] SELECT SCHEMA_NAME from Information_schema.SCHEMATA where SCHEMA_NAME LIKE 'raven-gin%' ORDER BY SCHEMA_NAME='raven-gin' DESC,SCHEMA_NAME limit 1

2024/02/25 22:58:05 /home/raven/Projects/Raven-Gin/bootstrap/db.go:61
[0.373ms] [rows:-] SELECT * FROM `users` LIMIT 1

2024/02/25 22:58:05 /home/raven/Projects/Raven-Gin/bootstrap/db.go:61
[0.623ms] [rows:-] SELECT column_name, column_default, is_nullable = 'YES', data_type, character_maximum_length, column_type, column_key, extra, column_comment, numeric_precision, numeric_scale FROM information_schema.columns WHERE table_schema = 'raven-gin' AND table_name = 'users' ORDER BY ORDINAL_POSITION

2024/02/25 22:58:05 /home/raven/Projects/Raven-Gin/bootstrap/db.go:61
[0.112ms] [rows:-] SELECT DATABASE()

2024/02/25 22:58:05 /home/raven/Projects/Raven-Gin/bootstrap/db.go:61
[0.373ms] [rows:1] SELECT SCHEMA_NAME from Information_schema.SCHEMATA where SCHEMA_NAME LIKE 'raven-gin%' ORDER BY SCHEMA_NAME='raven-gin' DESC,SCHEMA_NAME limit 1

2024/02/25 22:58:05 /home/raven/Projects/Raven-Gin/bootstrap/db.go:61
[0.343ms] [rows:-] SELECT count(*) FROM information_schema.statistics WHERE table_schema = 'raven-gin' AND table_name = 'users' AND index_name = 'idx_users_deleted_at'
